2017-09-06 20:33:15.087  INFO 9924 --- [localhost-startStop-1] c.c.c.s.security.RememberMeUserHandler   : 初始化 通用管理用户，账号由配置文件设置
2017-09-06 20:33:16.548  INFO 9924 --- [main] c.c.c.codeGen.core.CodeGenMainService    : 从数据库读取信息完成，共发现 8 个表
2017-09-06 20:33:16.698  INFO 9924 --- [main] c.c.c.c.core.CodeGenTemplateService      : 保存文件: src/main/java/com/cfido/center/server/entity/History.java, override=false
2017-09-06 20:33:16.699  INFO 9924 --- [main] c.c.c.c.core.CodeGenTemplateService      : 保存文件: codeGen/java/com/cfido/center/server/entity/History.java, override=true
2017-09-06 20:33:16.724  INFO 9924 --- [main] c.c.c.c.core.CodeGenTemplateService      : 保存文件: src/main/java/com/cfido/center/server/entity/MsgLog.java, override=false
2017-09-06 20:33:16.725  INFO 9924 --- [main] c.c.c.c.core.CodeGenTemplateService      : 保存文件: codeGen/java/com/cfido/center/server/entity/MsgLog.java, override=true
2017-09-06 20:33:16.740  INFO 9924 --- [main] c.c.c.c.core.CodeGenTemplateService      : 保存文件: src/main/java/com/cfido/center/server/entity/Project.java, override=false
2017-09-06 20:33:16.741  INFO 9924 --- [main] c.c.c.c.core.CodeGenTemplateService      : 保存文件: codeGen/java/com/cfido/center/server/entity/Project.java, override=true
2017-09-06 20:33:16.757  INFO 9924 --- [main] c.c.c.c.core.CodeGenTemplateService      : 保存文件: src/main/java/com/cfido/center/server/entity/ProjectRole.java, override=false
2017-09-06 20:33:16.766  INFO 9924 --- [main] c.c.c.c.core.CodeGenTemplateService      : 保存文件: codeGen/java/com/cfido/center/server/entity/ProjectRole.java, override=true
2017-09-06 20:33:16.770  INFO 9924 --- [main] c.c.c.c.core.CodeGenTemplateService      : 保存文件: src/main/java/com/cfido/center/server/entity/RightsDef.java, override=false
2017-09-06 20:33:16.781  INFO 9924 --- [main] c.c.c.c.core.CodeGenTemplateService      : 保存文件: codeGen/java/com/cfido/center/server/entity/RightsDef.java, override=true
2017-09-06 20:33:16.786  INFO 9924 --- [main] c.c.c.c.core.CodeGenTemplateService      : 保存文件: src/main/java/com/cfido/center/server/entity/Role.java, override=false
2017-09-06 20:33:16.795  INFO 9924 --- [main] c.c.c.c.core.CodeGenTemplateService      : 保存文件: codeGen/java/com/cfido/center/server/entity/Role.java, override=true
2017-09-06 20:33:16.800  INFO 9924 --- [main] c.c.c.c.core.CodeGenTemplateService      : 保存文件: src/main/java/com/cfido/center/server/entity/User.java, override=false
2017-09-06 20:33:16.801  INFO 9924 --- [main] c.c.c.c.core.CodeGenTemplateService      : 保存文件: codeGen/java/com/cfido/center/server/entity/User.java, override=true
2017-09-06 20:33:16.814  INFO 9924 --- [main] c.c.c.c.core.CodeGenTemplateService      : 保存文件: src/main/java/com/cfido/center/server/entity/UserRole.java, override=false
2017-09-06 20:33:16.825  INFO 9924 --- [main] c.c.c.c.core.CodeGenTemplateService      : 保存文件: codeGen/java/com/cfido/center/server/entity/UserRole.java, override=true
2017-09-06 20:33:17.176  INFO 9924 --- [main] c.c.c.spring.dict.core.DictCoreService   : 初始化 DictCoreService 字典，共 0 条记录，其中 0 条待处理中, 0 个附件
2017-09-06 20:33:17.368  INFO 9924 --- [main] c.c.c.s.i.ImageUploadAutoConfig          : 自动配置 图片上传服务
2017-09-06 20:33:17.385  INFO 9924 --- [main] c.c.c.s.errorPage.ErrorPageAutoConfig    : 自动配置  通用错误页面处理器
2017-09-06 20:33:17.391  INFO 9924 --- [main] c.c.c.s.jmxInWeb.JmxInWebAutoConfig      : 自动配置 JmxInWeb
2017-09-06 20:34:33.566  INFO 7084 --- [localhost-startStop-1] c.c.c.s.security.RememberMeUserHandler   : 初始化 通用管理用户，账号由配置文件设置
2017-09-06 20:34:35.386  INFO 7084 --- [main] c.c.c.codeGen.core.CodeGenMainService    : 从数据库读取信息完成，共发现 8 个表
2017-09-06 20:34:35.578  INFO 7084 --- [main] c.c.c.c.core.CodeGenTemplateService      : 保存文件: src/main/java/com/cfido/center/server/entity/History.java, override=false
2017-09-06 20:34:35.579  INFO 7084 --- [main] c.c.c.c.core.CodeGenTemplateService      : 保存文件: codeGen/java/com/cfido/center/server/entity/History.java, override=true
2017-09-06 20:34:35.596  INFO 7084 --- [main] c.c.c.c.core.CodeGenTemplateService      : 保存文件: src/main/java/com/cfido/center/server/entity/MsgLog.java, override=false
2017-09-06 20:34:35.596  INFO 7084 --- [main] c.c.c.c.core.CodeGenTemplateService      : 保存文件: codeGen/java/com/cfido/center/server/entity/MsgLog.java, override=true
2017-09-06 20:34:35.617  INFO 7084 --- [main] c.c.c.c.core.CodeGenTemplateService      : 保存文件: src/main/java/com/cfido/center/server/entity/Project.java, override=false
2017-09-06 20:34:35.617  INFO 7084 --- [main] c.c.c.c.core.CodeGenTemplateService      : 保存文件: codeGen/java/com/cfido/center/server/entity/Project.java, override=true
2017-09-06 20:34:35.634  INFO 7084 --- [main] c.c.c.c.core.CodeGenTemplateService      : 保存文件: src/main/java/com/cfido/center/server/entity/ProjectRole.java, override=false
2017-09-06 20:34:35.635  INFO 7084 --- [main] c.c.c.c.core.CodeGenTemplateService      : 保存文件: codeGen/java/com/cfido/center/server/entity/ProjectRole.java, override=true
2017-09-06 20:34:35.648  INFO 7084 --- [main] c.c.c.c.core.CodeGenTemplateService      : 保存文件: src/main/java/com/cfido/center/server/entity/RightsDef.java, override=false
2017-09-06 20:34:35.649  INFO 7084 --- [main] c.c.c.c.core.CodeGenTemplateService      : 保存文件: codeGen/java/com/cfido/center/server/entity/RightsDef.java, override=true
2017-09-06 20:34:35.665  INFO 7084 --- [main] c.c.c.c.core.CodeGenTemplateService      : 保存文件: src/main/java/com/cfido/center/server/entity/Role.java, override=false
2017-09-06 20:34:35.666  INFO 7084 --- [main] c.c.c.c.core.CodeGenTemplateService      : 保存文件: codeGen/java/com/cfido/center/server/entity/Role.java, override=true
2017-09-06 20:34:35.681  INFO 7084 --- [main] c.c.c.c.core.CodeGenTemplateService      : 保存文件: src/main/java/com/cfido/center/server/entity/User.java, override=false
2017-09-06 20:34:35.682  INFO 7084 --- [main] c.c.c.c.core.CodeGenTemplateService      : 保存文件: codeGen/java/com/cfido/center/server/entity/User.java, override=true
2017-09-06 20:34:35.699  INFO 7084 --- [main] c.c.c.c.core.CodeGenTemplateService      : 保存文件: src/main/java/com/cfido/center/server/entity/UserRole.java, override=false
2017-09-06 20:34:35.700  INFO 7084 --- [main] c.c.c.c.core.CodeGenTemplateService      : 保存文件: codeGen/java/com/cfido/center/server/entity/UserRole.java, override=true
2017-09-06 20:34:35.719  INFO 7084 --- [main] c.c.c.c.core.CodeGenTemplateService      : 保存文件: src/main/java/com/cfido/center/server/domains/CommomDaoWithEntityManager.java, override=false
2017-09-06 20:34:35.719  INFO 7084 --- [main] c.c.c.c.core.CodeGenTemplateService      : 保存文件: codeGen/java/com/cfido/center/server/domains/CommomDaoWithEntityManager.java, override=true
2017-09-06 20:34:35.734  INFO 7084 --- [main] c.c.c.c.core.CodeGenTemplateService      : 保存文件: src/main/java/com/cfido/center/server/domains/HistoryDomain.java, override=false
2017-09-06 20:34:35.735  INFO 7084 --- [main] c.c.c.c.core.CodeGenTemplateService      : 保存文件: codeGen/java/com/cfido/center/server/domains/HistoryDomain.java, override=true
2017-09-06 20:34:35.748  INFO 7084 --- [main] c.c.c.c.core.CodeGenTemplateService      : 保存文件: src/main/java/com/cfido/center/server/domains/MsgLogDomain.java, override=false
2017-09-06 20:34:35.748  INFO 7084 --- [main] c.c.c.c.core.CodeGenTemplateService      : 保存文件: codeGen/java/com/cfido/center/server/domains/MsgLogDomain.java, override=true
2017-09-06 20:34:35.759  INFO 7084 --- [main] c.c.c.c.core.CodeGenTemplateService      : 保存文件: src/main/java/com/cfido/center/server/domains/ProjectDomain.java, override=false
2017-09-06 20:34:35.760  INFO 7084 --- [main] c.c.c.c.core.CodeGenTemplateService      : 保存文件: codeGen/java/com/cfido/center/server/domains/ProjectDomain.java, override=true
2017-09-06 20:34:35.771  INFO 7084 --- [main] c.c.c.c.core.CodeGenTemplateService      : 保存文件: src/main/java/com/cfido/center/server/domains/ProjectRoleDomain.java, override=false
2017-09-06 20:34:35.780  INFO 7084 --- [main] c.c.c.c.core.CodeGenTemplateService      : 保存文件: codeGen/java/com/cfido/center/server/domains/ProjectRoleDomain.java, override=true
2017-09-06 20:34:35.785  INFO 7084 --- [main] c.c.c.c.core.CodeGenTemplateService      : 保存文件: src/main/java/com/cfido/center/server/domains/RightsDefDomain.java, override=false
2017-09-06 20:34:35.794  INFO 7084 --- [main] c.c.c.c.core.CodeGenTemplateService      : 保存文件: codeGen/java/com/cfido/center/server/domains/RightsDefDomain.java, override=true
2017-09-06 20:34:35.799  INFO 7084 --- [main] c.c.c.c.core.CodeGenTemplateService      : 保存文件: src/main/java/com/cfido/center/server/domains/RoleDomain.java, override=false
2017-09-06 20:34:35.808  INFO 7084 --- [main] c.c.c.c.core.CodeGenTemplateService      : 保存文件: codeGen/java/com/cfido/center/server/domains/RoleDomain.java, override=true
2017-09-06 20:34:35.813  INFO 7084 --- [main] c.c.c.c.core.CodeGenTemplateService      : 保存文件: src/main/java/com/cfido/center/server/domains/UserDomain.java, override=false
2017-09-06 20:34:35.814  INFO 7084 --- [main] c.c.c.c.core.CodeGenTemplateService      : 保存文件: codeGen/java/com/cfido/center/server/domains/UserDomain.java, override=true
2017-09-06 20:34:35.825  INFO 7084 --- [main] c.c.c.c.core.CodeGenTemplateService      : 保存文件: src/main/java/com/cfido/center/server/domains/UserRoleDomain.java, override=false
2017-09-06 20:34:35.835  INFO 7084 --- [main] c.c.c.c.core.CodeGenTemplateService      : 保存文件: codeGen/java/com/cfido/center/server/domains/UserRoleDomain.java, override=true
2017-09-06 20:34:35.844  INFO 7084 --- [main] c.c.c.c.core.CodeGenTemplateService      : 保存文件: src/main/java/com/cfido/center/server/logicObj/HistoryFactory.java, override=false
2017-09-06 20:34:35.845  INFO 7084 --- [main] c.c.c.c.core.CodeGenTemplateService      : 保存文件: codeGen/java/com/cfido/center/server/logicObj/HistoryFactory.java, override=true
2017-09-06 20:34:35.858  INFO 7084 --- [main] c.c.c.c.core.CodeGenTemplateService      : 保存文件: src/main/java/com/cfido/center/server/logicObj/MsgLogFactory.java, override=false
2017-09-06 20:34:35.859  INFO 7084 --- [main] c.c.c.c.core.CodeGenTemplateService      : 保存文件: codeGen/java/com/cfido/center/server/logicObj/MsgLogFactory.java, override=true
2017-09-06 20:34:35.869  INFO 7084 --- [main] c.c.c.c.core.CodeGenTemplateService      : 保存文件: src/main/java/com/cfido/center/server/logicObj/ProjectFactory.java, override=false
2017-09-06 20:34:35.870  INFO 7084 --- [main] c.c.c.c.core.CodeGenTemplateService      : 保存文件: codeGen/java/com/cfido/center/server/logicObj/ProjectFactory.java, override=true
2017-09-06 20:34:35.879  INFO 7084 --- [main] c.c.c.c.core.CodeGenTemplateService      : 保存文件: src/main/java/com/cfido/center/server/logicObj/ProjectRoleFactory.java, override=false
2017-09-06 20:34:35.888  INFO 7084 --- [main] c.c.c.c.core.CodeGenTemplateService      : 保存文件: codeGen/java/com/cfido/center/server/logicObj/ProjectRoleFactory.java, override=true
2017-09-06 20:34:35.893  INFO 7084 --- [main] c.c.c.c.core.CodeGenTemplateService      : 保存文件: src/main/java/com/cfido/center/server/logicObj/RightsDefFactory.java, override=false
2017-09-06 20:34:35.901  INFO 7084 --- [main] c.c.c.c.core.CodeGenTemplateService      : 保存文件: codeGen/java/com/cfido/center/server/logicObj/RightsDefFactory.java, override=true
2017-09-06 20:34:35.906  INFO 7084 --- [main] c.c.c.c.core.CodeGenTemplateService      : 保存文件: src/main/java/com/cfido/center/server/logicObj/RoleFactory.java, override=false
2017-09-06 20:34:35.915  INFO 7084 --- [main] c.c.c.c.core.CodeGenTemplateService      : 保存文件: codeGen/java/com/cfido/center/server/logicObj/RoleFactory.java, override=true
2017-09-06 20:34:35.920  INFO 7084 --- [main] c.c.c.c.core.CodeGenTemplateService      : 保存文件: src/main/java/com/cfido/center/server/logicObj/UserFactory.java, override=false
2017-09-06 20:34:35.920  INFO 7084 --- [main] c.c.c.c.core.CodeGenTemplateService      : 保存文件: codeGen/java/com/cfido/center/server/logicObj/UserFactory.java, override=true
2017-09-06 20:34:35.929  INFO 7084 --- [main] c.c.c.c.core.CodeGenTemplateService      : 保存文件: src/main/java/com/cfido/center/server/logicObj/UserRoleFactory.java, override=false
2017-09-06 20:34:35.940  INFO 7084 --- [main] c.c.c.c.core.CodeGenTemplateService      : 保存文件: codeGen/java/com/cfido/center/server/logicObj/UserRoleFactory.java, override=true
2017-09-06 20:34:35.948  INFO 7084 --- [main] c.c.c.c.core.CodeGenTemplateService      : 保存文件: src/main/java/com/cfido/center/server/logicObj/HistoryObj.java, override=false
2017-09-06 20:34:35.948  INFO 7084 --- [main] c.c.c.c.core.CodeGenTemplateService      : 保存文件: codeGen/java/com/cfido/center/server/logicObj/HistoryObj.java, override=true
2017-09-06 20:34:35.961  INFO 7084 --- [main] c.c.c.c.core.CodeGenTemplateService      : 保存文件: src/main/java/com/cfido/center/server/logicObj/MsgLogObj.java, override=false
2017-09-06 20:34:35.962  INFO 7084 --- [main] c.c.c.c.core.CodeGenTemplateService      : 保存文件: codeGen/java/com/cfido/center/server/logicObj/MsgLogObj.java, override=true
2017-09-06 20:34:35.974  INFO 7084 --- [main] c.c.c.c.core.CodeGenTemplateService      : 保存文件: src/main/java/com/cfido/center/server/logicObj/ProjectObj.java, override=false
2017-09-06 20:34:35.974  INFO 7084 --- [main] c.c.c.c.core.CodeGenTemplateService      : 保存文件: codeGen/java/com/cfido/center/server/logicObj/ProjectObj.java, override=true
2017-09-06 20:34:35.985  INFO 7084 --- [main] c.c.c.c.core.CodeGenTemplateService      : 保存文件: src/main/java/com/cfido/center/server/logicObj/ProjectRoleObj.java, override=false
2017-09-06 20:34:35.996  INFO 7084 --- [main] c.c.c.c.core.CodeGenTemplateService      : 保存文件: codeGen/java/com/cfido/center/server/logicObj/ProjectRoleObj.java, override=true
2017-09-06 20:34:36.001  INFO 7084 --- [main] c.c.c.c.core.CodeGenTemplateService      : 保存文件: src/main/java/com/cfido/center/server/logicObj/RightsDefObj.java, override=false
2017-09-06 20:34:36.009  INFO 7084 --- [main] c.c.c.c.core.CodeGenTemplateService      : 保存文件: codeGen/java/com/cfido/center/server/logicObj/RightsDefObj.java, override=true
2017-09-06 20:34:36.013  INFO 7084 --- [main] c.c.c.c.core.CodeGenTemplateService      : 保存文件: src/main/java/com/cfido/center/server/logicObj/RoleObj.java, override=false
2017-09-06 20:34:36.022  INFO 7084 --- [main] c.c.c.c.core.CodeGenTemplateService      : 保存文件: codeGen/java/com/cfido/center/server/logicObj/RoleObj.java, override=true
2017-09-06 20:34:36.026  INFO 7084 --- [main] c.c.c.c.core.CodeGenTemplateService      : 保存文件: src/main/java/com/cfido/center/server/logicObj/UserObj.java, override=false
2017-09-06 20:34:36.027  INFO 7084 --- [main] c.c.c.c.core.CodeGenTemplateService      : 保存文件: codeGen/java/com/cfido/center/server/logicObj/UserObj.java, override=true
2017-09-06 20:34:36.036  INFO 7084 --- [main] c.c.c.c.core.CodeGenTemplateService      : 保存文件: src/main/java/com/cfido/center/server/logicObj/UserRoleObj.java, override=false
2017-09-06 20:34:36.045  INFO 7084 --- [main] c.c.c.c.core.CodeGenTemplateService      : 保存文件: codeGen/java/com/cfido/center/server/logicObj/UserRoleObj.java, override=true
2017-09-06 20:34:36.052  INFO 7084 --- [main] c.c.c.c.core.CodeGenTemplateService      : 保存文件: src/main/java/com/cfido/center/server/logicObj/HistoryViewModel.java, override=false
2017-09-06 20:34:36.052  INFO 7084 --- [main] c.c.c.c.core.CodeGenTemplateService      : 保存文件: codeGen/java/com/cfido/center/server/logicObj/HistoryViewModel.java, override=true
2017-09-06 20:34:36.060  INFO 7084 --- [main] c.c.c.c.core.CodeGenTemplateService      : 保存文件: src/main/java/com/cfido/center/server/logicObj/MsgLogViewModel.java, override=false
2017-09-06 20:34:36.061  INFO 7084 --- [main] c.c.c.c.core.CodeGenTemplateService      : 保存文件: codeGen/java/com/cfido/center/server/logicObj/MsgLogViewModel.java, override=true
2017-09-06 20:34:36.071  INFO 7084 --- [main] c.c.c.c.core.CodeGenTemplateService      : 保存文件: src/main/java/com/cfido/center/server/logicObj/ProjectViewModel.java, override=false
2017-09-06 20:34:36.071  INFO 7084 --- [main] c.c.c.c.core.CodeGenTemplateService      : 保存文件: codeGen/java/com/cfido/center/server/logicObj/ProjectViewModel.java, override=true
2017-09-06 20:34:36.079  INFO 7084 --- [main] c.c.c.c.core.CodeGenTemplateService      : 保存文件: src/main/java/com/cfido/center/server/logicObj/ProjectRoleViewModel.java, override=false
2017-09-06 20:34:36.086  INFO 7084 --- [main] c.c.c.c.core.CodeGenTemplateService      : 保存文件: codeGen/java/com/cfido/center/server/logicObj/ProjectRoleViewModel.java, override=true
2017-09-06 20:34:36.092  INFO 7084 --- [main] c.c.c.c.core.CodeGenTemplateService      : 保存文件: src/main/java/com/cfido/center/server/logicObj/RightsDefViewModel.java, override=false
2017-09-06 20:34:36.101  INFO 7084 --- [main] c.c.c.c.core.CodeGenTemplateService      : 保存文件: codeGen/java/com/cfido/center/server/logicObj/RightsDefViewModel.java, override=true
2017-09-06 20:34:36.105  INFO 7084 --- [main] c.c.c.c.core.CodeGenTemplateService      : 保存文件: src/main/java/com/cfido/center/server/logicObj/RoleViewModel.java, override=false
2017-09-06 20:34:36.114  INFO 7084 --- [main] c.c.c.c.core.CodeGenTemplateService      : 保存文件: codeGen/java/com/cfido/center/server/logicObj/RoleViewModel.java, override=true
2017-09-06 20:34:36.118  INFO 7084 --- [main] c.c.c.c.core.CodeGenTemplateService      : 保存文件: src/main/java/com/cfido/center/server/logicObj/UserViewModel.java, override=false
2017-09-06 20:34:36.118  INFO 7084 --- [main] c.c.c.c.core.CodeGenTemplateService      : 保存文件: codeGen/java/com/cfido/center/server/logicObj/UserViewModel.java, override=true
2017-09-06 20:34:36.127  INFO 7084 --- [main] c.c.c.c.core.CodeGenTemplateService      : 保存文件: src/main/java/com/cfido/center/server/logicObj/UserRoleViewModel.java, override=false
2017-09-06 20:34:36.133  INFO 7084 --- [main] c.c.c.c.core.CodeGenTemplateService      : 保存文件: codeGen/java/com/cfido/center/server/logicObj/UserRoleViewModel.java, override=true
2017-09-06 20:34:36.506  INFO 7084 --- [main] c.c.c.spring.dict.core.DictCoreService   : 初始化 DictCoreService 字典，共 0 条记录，其中 0 条待处理中, 0 个附件
2017-09-06 20:34:36.754  INFO 7084 --- [main] c.c.c.s.i.ImageUploadAutoConfig          : 自动配置 图片上传服务
2017-09-06 20:34:36.784  INFO 7084 --- [main] c.c.c.s.errorPage.ErrorPageAutoConfig    : 自动配置  通用错误页面处理器
2017-09-06 20:34:36.795  INFO 7084 --- [main] c.c.c.s.jmxInWeb.JmxInWebAutoConfig      : 自动配置 JmxInWeb
2017-09-06 20:36:25.637  INFO 14108 --- [main] c.cfido.center.server.StartCenterServer  : Starting StartCenterServer on LiangWJ-Z7M with PID 14108 (E:\work.git\center-server\java\center-main\target\classes started by liangwj in E:\work.git\center-server\java\center-main)
2017-09-06 20:36:25.642 DEBUG 14108 --- [main] c.cfido.center.server.StartCenterServer  : Running with Spring Boot v1.5.2.RELEASE, Spring v4.3.7.RELEASE
2017-09-06 20:36:25.643  INFO 14108 --- [main] c.cfido.center.server.StartCenterServer  : No active profile set, falling back to default profiles: default
2017-09-06 20:36:28.011  INFO 14108 --- [localhost-startStop-1] c.c.c.spring.redis.RedisCacheConfig      : 自动配置 Redis Cache
2017-09-06 20:36:28.032  INFO 14108 --- [localhost-startStop-1] c.c.commons.spring.redis.RedisConfig     : 自动配置 Redis
2017-09-06 20:36:30.201  INFO 14108 --- [localhost-startStop-1] c.c.center.server.logicObj.UserFactory   : 默认的admin用户不存在，自动创建
2017-09-06 20:36:30.411  INFO 14108 --- [localhost-startStop-1] c.c.c.s.security.RememberMeUserHandler   : 初始化 通用管理用户，账号由其他服务管理
2017-09-06 20:36:30.744  INFO 14108 --- [main] c.c.c.server.logicObj.ProjectFactory     : 初始化 ProjectFactory，将所有数据调入内存，合计 0 个项目
2017-09-06 20:36:30.804  INFO 14108 --- [main] c.c.c.utils.threadPool.BaseThreadPool    : 初始化线程池:Monitor线程池, 线程数量:5
2017-09-06 20:36:31.232  INFO 14108 --- [main] c.c.c.spring.dict.core.DictCoreService   : 初始化 DictCoreService 字典，共 0 条记录，其中 0 条待处理中, 0 个附件
2017-09-06 20:36:31.383  WARN 14108 --- [main] c.c.c.s.monitor.MonitorClientService     : 监控客户端 已经被禁用
2017-09-06 20:36:31.401  INFO 14108 --- [main] c.c.c.utils.threadPool.BaseThreadPool    : 初始化线程池:短信发送异步线程池, 线程数量:2
2017-09-06 20:36:31.424  INFO 14108 --- [main] c.c.commons.spring.sms.SmsCodeService    : 初始化 短信验证码服务, 共找到 1 个短信网关
2017-09-06 20:36:31.425  INFO 14108 --- [main] c.c.c.s.i.ImageUploadAutoConfig          : 自动配置 图片上传服务
2017-09-06 20:36:31.445  INFO 14108 --- [main] c.c.c.s.errorPage.ErrorPageAutoConfig    : 自动配置  通用错误页面处理器
2017-09-06 20:36:31.452  INFO 14108 --- [main] c.c.c.s.jmxInWeb.JmxInWebAutoConfig      : 自动配置 JmxInWeb
2017-09-06 20:36:31.458  INFO 14108 --- [main] c.c.c.s.monitor.MonitorClientAutoConfig  : 自动配置 监控客户端
2017-09-06 20:36:31.468  INFO 14108 --- [main] c.c.c.spring.sms.SmsCodeAutoConfig       : 自动配置 短信验证码服务
2017-09-06 20:36:32.535  INFO 14108 --- [main] c.cfido.center.server.StartCenterServer  : Started StartCenterServer in 7.183 seconds (JVM running for 7.78)
2017-09-06 20:37:10.581 DEBUG 14108 --- [http-nio-30000-exec-2] c.c.c.server.api.impl.ProjectApiImpl     : 查询 Project 列表
2017-09-06 20:37:12.164 DEBUG 14108 --- [http-nio-30000-exec-4] c.c.center.server.api.impl.UserApiImpl   : 查询 User 列表
2017-09-06 20:37:33.039  INFO 14108 --- [RMI TCP Connection(2)-192.168.2.169] c.c.c.utils.threadPool.BaseThreadPool    : 开始停止 “短信发送异步线程池”， 剩余任务:0 
2017-09-06 20:37:33.040  INFO 14108 --- [RMI TCP Connection(2)-192.168.2.169] c.c.c.utils.threadPool.BaseThreadPool    : 成功停止 “短信发送异步线程池” 
2017-09-06 20:37:33.068  INFO 14108 --- [RMI TCP Connection(2)-192.168.2.169] c.c.c.utils.threadPool.BaseThreadPool    : 开始停止 “Monitor线程池”， 剩余任务:0 
2017-09-06 20:37:33.068  INFO 14108 --- [RMI TCP Connection(2)-192.168.2.169] c.c.c.utils.threadPool.BaseThreadPool    : 成功停止 “Monitor线程池” 
